--------------------------------------------------------------------------------
[javac]
javac -cp C:\Users\simon\OneDrive\Desktop\SE2\sgaertne\out -encoding US-ASCII --enable-preview --release 18 -d C:\Users\simon\OneDrive\Desktop\SE2\sgaertne\out --source-path C:\Users\simon\OneDrive\Desktop\SE2\sgaertne\src C:\Users\simon\OneDrive\Desktop\SE2\sgaertne\src\edu\hm\gaertner\simon\lab23\a32\CachedRoman.java
--------------------------------------------------------------------------------
[javac-tests]
javac -cp C:\Users\simon\OneDrive\Desktop\SE2\tool\junit-platform-console-standalone.jar;C:\Users\simon\OneDrive\Desktop\SE2\sgaertne\out -encoding US-ASCII --enable-preview --release 18 -d C:\Users\simon\OneDrive\Desktop\SE2\sgaertne\out --source-path C:\Users\simon\OneDrive\Desktop\SE2\sgaertne\test;C:\Users\simon\OneDrive\Desktop\SE2\sgaertne\src C:\Users\simon\OneDrive\Desktop\SE2\sgaertne\test\edu\hm\gaertner\simon\lab23\a32\RomanTests.java
--------------------------------------------------------------------------------
[javadoc]
javadoc -cp C:\Users\simon\OneDrive\Desktop\SE2\tool\junit-platform-console-standalone.jar;C:\Users\simon\OneDrive\Desktop\SE2\sgaertne\out -encoding US-ASCII --enable-preview --release 18 -d C:\Users\simon\OneDrive\Desktop\SE2\sgaertne\report\lab23\a32\javadoc -private -quiet -Xdoclint:-missing --source-path C:\Users\simon\OneDrive\Desktop\SE2\sgaertne\test C:\Users\simon\OneDrive\Desktop\SE2\sgaertne\src\edu\hm\gaertner\simon\lab23\a32\CachedRoman.java
--------------------------------------------------------------------------------
[pmd]
java -cp C:\Users\simon\OneDrive\Desktop\SE2\tool\pmd-bin\lib\animal-sniffer-annotations-1.14.jar;C:\Users\simon\OneDrive\Desktop\SE2\tool\pmd-bin\lib\antlr-2.7.7.jar;C:\Users\simon\OneDrive\Desktop\SE2\tool\pmd-bin\lib\antlr-runtime-3.5.2.jar;C:\Users\simon\OneDrive\Desktop\SE2\tool\pmd-bin\lib\aopalliance-1.0.jar;C:\Users\simon\OneDrive\Desktop\SE2\tool\pmd-bin\lib\asm-9.4.jar;C:\Users\simon\OneDrive\Desktop\SE2\tool\pmd-bin\lib\cglib-3.3.0.jar;C:\Users\simon\OneDrive\Desktop\SE2\tool\pmd-bin\lib\commons-lang3-3.8.1.jar;C:\Users\simon\OneDrive\Desktop\SE2\tool\pmd-bin\lib\common_2.13-4.6.0.jar;C:\Users\simon\OneDrive\Desktop\SE2\tool\pmd-bin\lib\error_prone_annotations-2.1.3.jar;C:\Users\simon\OneDrive\Desktop\SE2\tool\pmd-bin\lib\fastparse-v2_2.13-2.3.1.jar;C:\Users\simon\OneDrive\Desktop\SE2\tool\pmd-bin\lib\gson-2.8.9.jar;C:\Users\simon\OneDrive\Desktop\SE2\tool\pmd-bin\lib\javax.inject-1.jar;C:\Users\simon\OneDrive\Desktop\SE2\tool\pmd-bin\lib\jcommander-1.48.jar;C:\Users\simon\OneDrive\Desktop\SE2\tool\pmd-bin\lib\jol-core-0.4.jar;C:\Users\simon\OneDrive\Desktop\SE2\tool\pmd-bin\lib\jsoup-1.15.3.jar;C:\Users\simon\OneDrive\Desktop\SE2\tool\pmd-bin\lib\jsr305-3.0.2.jar;C:\Users\simon\OneDrive\Desktop\SE2\tool\pmd-bin\lib\lenses_2.13-0.11.11.jar;C:\Users\simon\OneDrive\Desktop\SE2\tool\pmd-bin\lib\logback-classic-1.2.9.jar;C:\Users\simon\OneDrive\Desktop\SE2\tool\pmd-bin\lib\logback-core-1.2.9.jar;C:\Users\simon\OneDrive\Desktop\SE2\tool\pmd-bin\lib\parsers_2.13-4.6.0.jar;C:\Users\simon\OneDrive\Desktop\SE2\tool\pmd-bin\lib\pmd-core-6.55.0.jar;C:\Users\simon\OneDrive\Desktop\SE2\tool\pmd-bin\lib\pmd-html-6.55.0.jar;C:\Users\simon\OneDrive\Desktop\SE2\tool\pmd-bin\lib\pmd-java-6.55.0.jar;C:\Users\simon\OneDrive\Desktop\SE2\tool\pmd-bin\lib\pmd-javascript-6.55.0.jar;C:\Users\simon\OneDrive\Desktop\SE2\tool\pmd-bin\lib\pmd-jsp-6.55.0.jar;C:\Users\simon\OneDrive\Desktop\SE2\tool\pmd-bin\lib\pmd-xml-6.55.0.jar;C:\Users\simon\OneDrive\Desktop\SE2\tool\pmd-bin\lib\protobuf-java-3.16.3.jar;C:\Users\simon\OneDrive\Desktop\SE2\tool\pmd-bin\lib\rhino-1.7.14.jar;C:\Users\simon\OneDrive\Desktop\SE2\tool\pmd-bin\lib\saxon-9.1.0.8-dom.jar;C:\Users\simon\OneDrive\Desktop\SE2\tool\pmd-bin\lib\saxon-9.1.0.8.jar;C:\Users\simon\OneDrive\Desktop\SE2\tool\pmd-bin\lib\slf4j-api-1.7.32.jar;C:\Users\simon\OneDrive\Desktop\SE2\tool\pmd-bin\lib\sourcecode_2.13-0.3.0.jar;C:\Users\simon\OneDrive\Desktop\SE2\tool\pmd-bin\lib\stringtemplate-3.2.1.jar;C:\Users\simon\OneDrive\Desktop\SE2\tool\pmd-bin\lib\trees_2.13-4.6.0.jar net.sourceforge.pmd.PMD --encoding US-ASCII -d C:\Users\simon\OneDrive\Desktop\SE2\sgaertne\src\edu\hm\gaertner\simon\lab23\a32 -f text -R C:\Users\simon\OneDrive\Desktop\SE2\tool\pmd.xml --no-cache --relativize-paths-with C:\Users\simon\OneDrive\Desktop\SE2\sgaertne\src
--------------------------------------------------------------------------------
[checkstyle]
java -cp C:\Users\simon\OneDrive\Desktop\SE2\tool\checkstyle.jar;C:\Users\simon\OneDrive\Desktop\SE2\sgaertne\out com.puppycrawl.tools.checkstyle.Main -c C:\Users\simon\OneDrive\Desktop\SE2\tool\checkstyle.xml C:\Users\simon\OneDrive\Desktop\SE2\sgaertne\src\edu\hm\gaertner\simon\lab23\a32\CachedRoman.java
Starting audit...
Audit done.
--------------------------------------------------------------------------------
[spotbugs]
java -client -Xmx512m -cp C:\Users\simon\OneDrive\Desktop\SE2\tool\spotbugs\lib\asm-9.4.jar;C:\Users\simon\OneDrive\Desktop\SE2\tool\spotbugs\lib\asm-analysis-9.4.jar;C:\Users\simon\OneDrive\Desktop\SE2\tool\spotbugs\lib\asm-commons-9.4.jar;C:\Users\simon\OneDrive\Desktop\SE2\tool\spotbugs\lib\asm-tree-9.4.jar;C:\Users\simon\OneDrive\Desktop\SE2\tool\spotbugs\lib\asm-util-9.4.jar;C:\Users\simon\OneDrive\Desktop\SE2\tool\spotbugs\lib\bcel-6.5.0.jar;C:\Users\simon\OneDrive\Desktop\SE2\tool\spotbugs\lib\commons-codec-1.15.jar;C:\Users\simon\OneDrive\Desktop\SE2\tool\spotbugs\lib\commons-lang3-3.12.0.jar;C:\Users\simon\OneDrive\Desktop\SE2\tool\spotbugs\lib\commons-text-1.10.0.jar;C:\Users\simon\OneDrive\Desktop\SE2\tool\spotbugs\lib\dom4j-2.1.3.jar;C:\Users\simon\OneDrive\Desktop\SE2\tool\spotbugs\lib\gson-2.9.1.jar;C:\Users\simon\OneDrive\Desktop\SE2\tool\spotbugs\lib\httpclient5-5.1.3.jar;C:\Users\simon\OneDrive\Desktop\SE2\tool\spotbugs\lib\httpcore5-5.1.3.jar;C:\Users\simon\OneDrive\Desktop\SE2\tool\spotbugs\lib\httpcore5-h2-5.1.3.jar;C:\Users\simon\OneDrive\Desktop\SE2\tool\spotbugs\lib\jaxen-1.2.0.jar;C:\Users\simon\OneDrive\Desktop\SE2\tool\spotbugs\lib\jcip-annotations-1.0.jar;C:\Users\simon\OneDrive\Desktop\SE2\tool\spotbugs\lib\jsr305-3.0.2.jar;C:\Users\simon\OneDrive\Desktop\SE2\tool\spotbugs\lib\log4j-api-2.19.0.jar;C:\Users\simon\OneDrive\Desktop\SE2\tool\spotbugs\lib\log4j-core-2.19.0.jar;C:\Users\simon\OneDrive\Desktop\SE2\tool\spotbugs\lib\log4j-slf4j2-impl-2.19.0.jar;C:\Users\simon\OneDrive\Desktop\SE2\tool\spotbugs\lib\Saxon-HE-11.4.jar;C:\Users\simon\OneDrive\Desktop\SE2\tool\spotbugs\lib\slf4j-api-2.0.0.jar;C:\Users\simon\OneDrive\Desktop\SE2\tool\spotbugs\lib\spotbugs-annotations.jar;C:\Users\simon\OneDrive\Desktop\SE2\tool\spotbugs\lib\spotbugs-ant.jar;C:\Users\simon\OneDrive\Desktop\SE2\tool\spotbugs\lib\spotbugs.jar;C:\Users\simon\OneDrive\Desktop\SE2\tool\spotbugs\lib\xml-apis-1.4.01.jar;C:\Users\simon\OneDrive\Desktop\SE2\tool\spotbugs\lib\xmlresolver-4.4.3-data.jar;C:\Users\simon\OneDrive\Desktop\SE2\tool\spotbugs\lib\xmlresolver-4.4.3.jar -Dspotbugs.home=C:\Users\simon\OneDrive\Desktop\SE2\tool\spotbugs edu.umd.cs.findbugs.FindBugs2 -effort:max -low -emacs -exclude C:\Users\simon\OneDrive\Desktop\SE2\tool\spotbugs.xml -sourcepath C:\Users\simon\OneDrive\Desktop\SE2\sgaertne\src\edu\hm\gaertner\simon\lab23\a32 C:\Users\simon\OneDrive\Desktop\SE2\sgaertne\out\edu\hm\gaertner\simon\lab23\a32\CachedRoman.class
--------------------------------------------------------------------------------
[ccnscanner]
java -cp C:\Users\simon\OneDrive\Desktop\SE2\tool\pmd-bin\lib\animal-sniffer-annotations-1.14.jar;C:\Users\simon\OneDrive\Desktop\SE2\tool\pmd-bin\lib\antlr-2.7.7.jar;C:\Users\simon\OneDrive\Desktop\SE2\tool\pmd-bin\lib\antlr-runtime-3.5.2.jar;C:\Users\simon\OneDrive\Desktop\SE2\tool\pmd-bin\lib\aopalliance-1.0.jar;C:\Users\simon\OneDrive\Desktop\SE2\tool\pmd-bin\lib\asm-9.4.jar;C:\Users\simon\OneDrive\Desktop\SE2\tool\pmd-bin\lib\cglib-3.3.0.jar;C:\Users\simon\OneDrive\Desktop\SE2\tool\pmd-bin\lib\commons-lang3-3.8.1.jar;C:\Users\simon\OneDrive\Desktop\SE2\tool\pmd-bin\lib\common_2.13-4.6.0.jar;C:\Users\simon\OneDrive\Desktop\SE2\tool\pmd-bin\lib\error_prone_annotations-2.1.3.jar;C:\Users\simon\OneDrive\Desktop\SE2\tool\pmd-bin\lib\fastparse-v2_2.13-2.3.1.jar;C:\Users\simon\OneDrive\Desktop\SE2\tool\pmd-bin\lib\gson-2.8.9.jar;C:\Users\simon\OneDrive\Desktop\SE2\tool\pmd-bin\lib\javax.inject-1.jar;C:\Users\simon\OneDrive\Desktop\SE2\tool\pmd-bin\lib\jcommander-1.48.jar;C:\Users\simon\OneDrive\Desktop\SE2\tool\pmd-bin\lib\jol-core-0.4.jar;C:\Users\simon\OneDrive\Desktop\SE2\tool\pmd-bin\lib\jsoup-1.15.3.jar;C:\Users\simon\OneDrive\Desktop\SE2\tool\pmd-bin\lib\jsr305-3.0.2.jar;C:\Users\simon\OneDrive\Desktop\SE2\tool\pmd-bin\lib\lenses_2.13-0.11.11.jar;C:\Users\simon\OneDrive\Desktop\SE2\tool\pmd-bin\lib\logback-classic-1.2.9.jar;C:\Users\simon\OneDrive\Desktop\SE2\tool\pmd-bin\lib\logback-core-1.2.9.jar;C:\Users\simon\OneDrive\Desktop\SE2\tool\pmd-bin\lib\parsers_2.13-4.6.0.jar;C:\Users\simon\OneDrive\Desktop\SE2\tool\pmd-bin\lib\pmd-core-6.55.0.jar;C:\Users\simon\OneDrive\Desktop\SE2\tool\pmd-bin\lib\pmd-html-6.55.0.jar;C:\Users\simon\OneDrive\Desktop\SE2\tool\pmd-bin\lib\pmd-java-6.55.0.jar;C:\Users\simon\OneDrive\Desktop\SE2\tool\pmd-bin\lib\pmd-javascript-6.55.0.jar;C:\Users\simon\OneDrive\Desktop\SE2\tool\pmd-bin\lib\pmd-jsp-6.55.0.jar;C:\Users\simon\OneDrive\Desktop\SE2\tool\pmd-bin\lib\pmd-xml-6.55.0.jar;C:\Users\simon\OneDrive\Desktop\SE2\tool\pmd-bin\lib\protobuf-java-3.16.3.jar;C:\Users\simon\OneDrive\Desktop\SE2\tool\pmd-bin\lib\rhino-1.7.14.jar;C:\Users\simon\OneDrive\Desktop\SE2\tool\pmd-bin\lib\saxon-9.1.0.8-dom.jar;C:\Users\simon\OneDrive\Desktop\SE2\tool\pmd-bin\lib\saxon-9.1.0.8.jar;C:\Users\simon\OneDrive\Desktop\SE2\tool\pmd-bin\lib\slf4j-api-1.7.32.jar;C:\Users\simon\OneDrive\Desktop\SE2\tool\pmd-bin\lib\sourcecode_2.13-0.3.0.jar;C:\Users\simon\OneDrive\Desktop\SE2\tool\pmd-bin\lib\stringtemplate-3.2.1.jar;C:\Users\simon\OneDrive\Desktop\SE2\tool\pmd-bin\lib\trees_2.13-4.6.0.jar;C:\Users\simon\OneDrive\Desktop\SE2\tool\ccnscanner.jar CCNScanner C:\Users\simon\OneDrive\Desktop\SE2\sgaertne\src\edu\hm\gaertner\simon\lab23\a32
types
4	edu.hm.gaertner.simon.lab23.a32.CachedRoman
methods
2	edu.hm.gaertner.simon.lab23.a32.CachedRoman.make@33
2	edu.hm.gaertner.simon.lab23.a32.CachedRoman.make@57
--------------------------------------------------------------------------------
[junit]
java -cp C:\Users\simon\OneDrive\Desktop\SE2\tool\junit-platform-console-standalone.jar;C:\Users\simon\OneDrive\Desktop\SE2\sgaertne\out org.junit.runner.JUnitCore edu.hm.gaertner.simon.lab23.a32.RomanTests
JUnit version 4.13.2
....
Time: 18.069

OK (4 tests)

--------------------------------------------------------------------------------
[jacoco-agent]
java -cp C:\Users\simon\OneDrive\Desktop\SE2\tool\junit-platform-console-standalone.jar;C:\Users\simon\OneDrive\Desktop\SE2\sgaertne\out -javaagent:C:\Users\simon\OneDrive\Desktop\SE2\tool\jacoco\lib\jacocoagent.jar=append=false,destfile=C:\Users\simon\OneDrive\Desktop\SE2\sgaertne\out\jacoco.exec,excludes=*Test:*Demo org.junit.runner.JUnitCore edu.hm.gaertner.simon.lab23.a32.RomanTests
JUnit version 4.13.2
....
Time: 18.086

OK (4 tests)

--------------------------------------------------------------------------------
[jacoco]
java -jar C:\Users\simon\OneDrive\Desktop\SE2\tool\jacoco\lib\jacococli.jar report C:\Users\simon\OneDrive\Desktop\SE2\sgaertne\out\jacoco.exec --sourcefiles C:\Users\simon\OneDrive\Desktop\SE2\sgaertne\src --classfiles C:\Users\simon\OneDrive\Desktop\SE2\sgaertne\out\edu\hm\gaertner\simon\lab23\a32\CachedRoman.class --html C:\Users\simon\OneDrive\Desktop\SE2\sgaertne\report\lab23\a32\jacoco --xml C:\Users\simon\OneDrive\Desktop\SE2\sgaertne\report\lab23\a32\jacoco\jacoco.xml --csv C:\Users\simon\OneDrive\Desktop\SE2\sgaertne\report\lab23\a32\jacoco\jacoco.csv
[INFO] Loading execution data file C:\Users\simon\OneDrive\Desktop\SE2\sgaertne\out\jacoco.exec.
[INFO] Analyzing 1 classes.
--------------------------------------------------------------------------------
[pitest]
java -cp C:\Users\simon\OneDrive\Desktop\SE2\sgaertne\out;C:\Users\simon\OneDrive\Desktop\SE2\tool\junit-platform-console-standalone.jar;C:\Users\simon\OneDrive\Desktop\SE2\tool\pitest\commons-lang3-3.0.jar;C:\Users\simon\OneDrive\Desktop\SE2\tool\pitest\commons-text-1.10.0.jar;C:\Users\simon\OneDrive\Desktop\SE2\tool\pitest\pitest-1.11.4.jar;C:\Users\simon\OneDrive\Desktop\SE2\tool\pitest\pitest-command-line-1.11.4.jar;C:\Users\simon\OneDrive\Desktop\SE2\tool\pitest\pitest-entry-1.11.4.jar;C:\Users\simon\OneDrive\Desktop\SE2\tool\pitest\pitest-junit5-plugin-1.1.2.jar org.pitest.mutationtest.commandline.MutationCoverageReport --outputFormats HTML,XML --mutators STRONGER --jvmArgs --enable-preview --excludedMethods hashCode,equals,toString --excludedClasses *Test,*Demo --reportDir C:\Users\simon\OneDrive\Desktop\SE2\sgaertne\report\lab23\a32\pitest --threads 8 --timestampedReports=false --targetClasses edu.hm.gaertner.simon.lab23.a32.CachedRoman --targetTests edu.hm.gaertner.simon.lab23.a32.RomanTests --sourceDirs C:\Users\simon\OneDrive\Desktop\SE2\sgaertne\src
2:33:48 PM PIT >> INFO : Verbose logging is disabled. If you encounter a problem, please enable it before reporting an issue.
2:33:48 PM PIT >> INFO : Incremental analysis reduced number of mutations by 0
2:33:48 PM PIT >> INFO : Created 1 mutation test units in pre scan
2:33:49 PM PIT >> INFO : Sending 1 test classes to minion
2:33:49 PM PIT >> INFO : Sent tests to minion
/-\|2:34:08 PM PIT >> INFO : Calculated coverage in 19 seconds.
2:34:08 PM PIT >> INFO : Incremental analysis reduced number of mutations by 0
2:34:08 PM PIT >> INFO : Created 1 mutation test units
/2:34:36 PM PIT >> INFO : Completed in 47 seconds
================================================================================
- Mutators
================================================================================
> org.pitest.mutationtest.engine.gregor.mutators.RemoveConditionalMutator_EQUAL_ELSE
>> Generated 2 Killed 2 (100%)
> KILLED 2 SURVIVED 0 TIMED_OUT 0 NON_VIABLE 0 
> MEMORY_ERROR 0 NOT_STARTED 0 STARTED 0 RUN_ERROR 0 
> NO_COVERAGE 0 
--------------------------------------------------------------------------------
> org.pitest.mutationtest.engine.gregor.mutators.returns.NullReturnValsMutator
>> Generated 2 Killed 2 (100%)
> KILLED 2 SURVIVED 0 TIMED_OUT 0 NON_VIABLE 0 
> MEMORY_ERROR 0 NOT_STARTED 0 STARTED 0 RUN_ERROR 0 
> NO_COVERAGE 0 
--------------------------------------------------------------------------------
> org.pitest.mutationtest.engine.gregor.mutators.RemoveConditionalMutator_EQUAL_IF
>> Generated 2 Killed 0 (0%)
> KILLED 0 SURVIVED 2 TIMED_OUT 0 NON_VIABLE 0 
> MEMORY_ERROR 0 NOT_STARTED 0 STARTED 0 RUN_ERROR 0 
> NO_COVERAGE 0 
--------------------------------------------------------------------------------
================================================================================
- Timings
================================================================================
> pre-scan for mutations : < 1 second
> scan classpath : < 1 second
> coverage and dependency analysis : 19 seconds
> build mutation tests : < 1 second
> run mutation analysis : 27 seconds
--------------------------------------------------------------------------------
> Total  : 47 seconds
--------------------------------------------------------------------------------
================================================================================
- Statistics
================================================================================
>> Line Coverage (for mutated classes only): 12/13 (92%)
>> Generated 6 mutations Killed 4 (67%)
>> Mutations with no coverage 0. Test strength 67%
>> Ran 8 tests (1.33 tests per mutation)
Enhanced functionality available at https://www.arcmutate.com/
